[2026-01-21T14:50:41.847+0000] {taskinstance.py:1956} INFO - Dependencies all met for dep_context=non-requeueable deps ti=<TaskInstance: financial_mlops_full_v3.run_etl_ml_pipeline manual__2026-01-21T14:50:41.263164+00:00 [queued]>
[2026-01-21T14:50:41.859+0000] {taskinstance.py:1956} INFO - Dependencies all met for dep_context=requeueable deps ti=<TaskInstance: financial_mlops_full_v3.run_etl_ml_pipeline manual__2026-01-21T14:50:41.263164+00:00 [queued]>
[2026-01-21T14:50:41.860+0000] {taskinstance.py:2170} INFO - Starting attempt 1 of 1
[2026-01-21T14:50:41.875+0000] {taskinstance.py:2191} INFO - Executing <Task(PythonOperator): run_etl_ml_pipeline> on 2026-01-21 14:50:41.263164+00:00
[2026-01-21T14:50:41.885+0000] {standard_task_runner.py:60} INFO - Started process 331 to run task
[2026-01-21T14:50:41.889+0000] {standard_task_runner.py:87} INFO - Running: ['***', 'tasks', 'run', 'financial_mlops_full_v3', 'run_etl_ml_pipeline', 'manual__2026-01-21T14:50:41.263164+00:00', '--job-id', '4', '--raw', '--subdir', 'DAGS_FOLDER/financial_dag.py', '--cfg-path', '/tmp/tmp1jz9pn95']
[2026-01-21T14:50:41.894+0000] {standard_task_runner.py:88} INFO - Job 4: Subtask run_etl_ml_pipeline
[2026-01-21T14:50:41.952+0000] {task_command.py:423} INFO - Running <TaskInstance: financial_mlops_full_v3.run_etl_ml_pipeline manual__2026-01-21T14:50:41.263164+00:00 [running]> on host 1c7e7839e9be
[2026-01-21T14:50:42.047+0000] {taskinstance.py:2480} INFO - Exporting env vars: AIRFLOW_CTX_DAG_OWNER='data_engineer' AIRFLOW_CTX_DAG_ID='financial_mlops_full_v3' AIRFLOW_CTX_TASK_ID='run_etl_ml_pipeline' AIRFLOW_CTX_EXECUTION_DATE='2026-01-21T14:50:41.263164+00:00' AIRFLOW_CTX_TRY_NUMBER='1' AIRFLOW_CTX_DAG_RUN_ID='manual__2026-01-21T14:50:41.263164+00:00'
[2026-01-21T14:50:42.050+0000] {logging_mixin.py:188} INFO - üì° EXTRACT: ƒê·ªçc t·ª´ d√≤ng 0 ƒë·∫øn 100...
[2026-01-21T14:50:42.099+0000] {logging_mixin.py:188} INFO - üõ†Ô∏è TRANSFORM: B·∫Øt ƒë·∫ßu x·ª≠ l√Ω d·ªØ li·ªáu...
[2026-01-21T14:50:42.135+0000] {logging_mixin.py:188} INFO - ‚úÖ Transform xong: ƒê√£ t·∫°o b·∫£ng feature (Encoding + Scaling).
[2026-01-21T14:50:42.227+0000] {logging_mixin.py:188} INFO - üì• LOAD: ƒêang Upsert 100 d√≤ng v√†o b·∫£ng staging_features_encoded...
[2026-01-21T14:50:42.267+0000] {logging_mixin.py:188} INFO - ‚úÖ Load th√†nh c√¥ng.
[2026-01-21T14:50:42.268+0000] {logging_mixin.py:188} INFO - ü§ñ ML MODEL: B·∫Øt ƒë·∫ßu hu·∫•n luy·ªán Random Forest...
[2026-01-21T14:50:42.416+0000] {logging_mixin.py:188} INFO - üîÆ PREDICT: T√¨m th·∫•y 12 kh√°ch h√†ng r·ªßi ro cao (Score < 650).
[2026-01-21T14:50:42.426+0000] {taskinstance.py:2698} ERROR - Task failed with exception
Traceback (most recent call last):
  File "/home/airflow/.local/lib/python3.8/site-packages/sqlalchemy/engine/base.py", line 3371, in _wrap_pool_connect
    return fn()
  File "/home/airflow/.local/lib/python3.8/site-packages/sqlalchemy/pool/base.py", line 327, in connect
    return _ConnectionFairy._checkout(self)
  File "/home/airflow/.local/lib/python3.8/site-packages/sqlalchemy/pool/base.py", line 894, in _checkout
    fairy = _ConnectionRecord.checkout(pool)
  File "/home/airflow/.local/lib/python3.8/site-packages/sqlalchemy/pool/base.py", line 493, in checkout
    rec = pool._do_get()
  File "/home/airflow/.local/lib/python3.8/site-packages/sqlalchemy/pool/impl.py", line 146, in _do_get
    self._dec_overflow()
  File "/home/airflow/.local/lib/python3.8/site-packages/sqlalchemy/util/langhelpers.py", line 70, in __exit__
    compat.raise_(
  File "/home/airflow/.local/lib/python3.8/site-packages/sqlalchemy/util/compat.py", line 211, in raise_
    raise exception
  File "/home/airflow/.local/lib/python3.8/site-packages/sqlalchemy/pool/impl.py", line 143, in _do_get
    return self._create_connection()
  File "/home/airflow/.local/lib/python3.8/site-packages/sqlalchemy/pool/base.py", line 273, in _create_connection
    return _ConnectionRecord(self)
  File "/home/airflow/.local/lib/python3.8/site-packages/sqlalchemy/pool/base.py", line 388, in __init__
    self.__connect()
  File "/home/airflow/.local/lib/python3.8/site-packages/sqlalchemy/pool/base.py", line 691, in __connect
    pool.logger.debug("Error on connect(): %s", e)
  File "/home/airflow/.local/lib/python3.8/site-packages/sqlalchemy/util/langhelpers.py", line 70, in __exit__
    compat.raise_(
  File "/home/airflow/.local/lib/python3.8/site-packages/sqlalchemy/util/compat.py", line 211, in raise_
    raise exception
  File "/home/airflow/.local/lib/python3.8/site-packages/sqlalchemy/pool/base.py", line 686, in __connect
    self.dbapi_connection = connection = pool._invoke_creator(self)
  File "/home/airflow/.local/lib/python3.8/site-packages/sqlalchemy/engine/create.py", line 574, in connect
    return dialect.connect(*cargs, **cparams)
  File "/home/airflow/.local/lib/python3.8/site-packages/sqlalchemy/engine/default.py", line 598, in connect
    return self.dbapi.connect(*cargs, **cparams)
  File "/home/airflow/.local/lib/python3.8/site-packages/psycopg2/__init__.py", line 122, in connect
    conn = _connect(dsn, connection_factory=connection_factory, **kwasync)
psycopg2.OperationalError: connection to server at "postgres_prod" (172.20.0.4), port 5432 failed: FATAL:  password authentication failed for user "postgres"


The above exception was the direct cause of the following exception:

Traceback (most recent call last):
  File "/home/airflow/.local/lib/python3.8/site-packages/airflow/models/taskinstance.py", line 433, in _execute_task
    result = execute_callable(context=context, **execute_callable_kwargs)
  File "/home/airflow/.local/lib/python3.8/site-packages/airflow/operators/python.py", line 199, in execute
    return_value = self.execute_callable()
  File "/home/airflow/.local/lib/python3.8/site-packages/airflow/operators/python.py", line 216, in execute_callable
    return self.python_callable(*self.op_args, **self.op_kwargs)
  File "/opt/airflow/dags/financial_dag.py", line 39, in pipeline_execution
    upsert_data(df_high_risk, 'prod_high_risk_customers', PROD_CONN)
  File "/opt/airflow/plugins/load.py", line 29, in upsert_data
    with engine.begin() as conn:
  File "/home/airflow/.local/lib/python3.8/site-packages/sqlalchemy/engine/base.py", line 3153, in begin
    conn = self.connect(close_with_result=close_with_result)
  File "/home/airflow/.local/lib/python3.8/site-packages/sqlalchemy/engine/base.py", line 3325, in connect
    return self._connection_cls(self, close_with_result=close_with_result)
  File "/home/airflow/.local/lib/python3.8/site-packages/sqlalchemy/engine/base.py", line 96, in __init__
    else engine.raw_connection()
  File "/home/airflow/.local/lib/python3.8/site-packages/sqlalchemy/engine/base.py", line 3404, in raw_connection
    return self._wrap_pool_connect(self.pool.connect, _connection)
  File "/home/airflow/.local/lib/python3.8/site-packages/sqlalchemy/engine/base.py", line 3374, in _wrap_pool_connect
    Connection._handle_dbapi_exception_noconnection(
  File "/home/airflow/.local/lib/python3.8/site-packages/sqlalchemy/engine/base.py", line 2208, in _handle_dbapi_exception_noconnection
    util.raise_(
  File "/home/airflow/.local/lib/python3.8/site-packages/sqlalchemy/util/compat.py", line 211, in raise_
    raise exception
  File "/home/airflow/.local/lib/python3.8/site-packages/sqlalchemy/engine/base.py", line 3371, in _wrap_pool_connect
    return fn()
  File "/home/airflow/.local/lib/python3.8/site-packages/sqlalchemy/pool/base.py", line 327, in connect
    return _ConnectionFairy._checkout(self)
  File "/home/airflow/.local/lib/python3.8/site-packages/sqlalchemy/pool/base.py", line 894, in _checkout
    fairy = _ConnectionRecord.checkout(pool)
  File "/home/airflow/.local/lib/python3.8/site-packages/sqlalchemy/pool/base.py", line 493, in checkout
    rec = pool._do_get()
  File "/home/airflow/.local/lib/python3.8/site-packages/sqlalchemy/pool/impl.py", line 146, in _do_get
    self._dec_overflow()
  File "/home/airflow/.local/lib/python3.8/site-packages/sqlalchemy/util/langhelpers.py", line 70, in __exit__
    compat.raise_(
  File "/home/airflow/.local/lib/python3.8/site-packages/sqlalchemy/util/compat.py", line 211, in raise_
    raise exception
  File "/home/airflow/.local/lib/python3.8/site-packages/sqlalchemy/pool/impl.py", line 143, in _do_get
    return self._create_connection()
  File "/home/airflow/.local/lib/python3.8/site-packages/sqlalchemy/pool/base.py", line 273, in _create_connection
    return _ConnectionRecord(self)
  File "/home/airflow/.local/lib/python3.8/site-packages/sqlalchemy/pool/base.py", line 388, in __init__
    self.__connect()
  File "/home/airflow/.local/lib/python3.8/site-packages/sqlalchemy/pool/base.py", line 691, in __connect
    pool.logger.debug("Error on connect(): %s", e)
  File "/home/airflow/.local/lib/python3.8/site-packages/sqlalchemy/util/langhelpers.py", line 70, in __exit__
    compat.raise_(
  File "/home/airflow/.local/lib/python3.8/site-packages/sqlalchemy/util/compat.py", line 211, in raise_
    raise exception
  File "/home/airflow/.local/lib/python3.8/site-packages/sqlalchemy/pool/base.py", line 686, in __connect
    self.dbapi_connection = connection = pool._invoke_creator(self)
  File "/home/airflow/.local/lib/python3.8/site-packages/sqlalchemy/engine/create.py", line 574, in connect
    return dialect.connect(*cargs, **cparams)
  File "/home/airflow/.local/lib/python3.8/site-packages/sqlalchemy/engine/default.py", line 598, in connect
    return self.dbapi.connect(*cargs, **cparams)
  File "/home/airflow/.local/lib/python3.8/site-packages/psycopg2/__init__.py", line 122, in connect
    conn = _connect(dsn, connection_factory=connection_factory, **kwasync)
sqlalchemy.exc.OperationalError: (psycopg2.OperationalError) connection to server at "postgres_prod" (172.20.0.4), port 5432 failed: FATAL:  password authentication failed for user "postgres"

(Background on this error at: https://sqlalche.me/e/14/e3q8)
[2026-01-21T14:50:42.456+0000] {taskinstance.py:1138} INFO - Marking task as FAILED. dag_id=financial_mlops_full_v3, task_id=run_etl_ml_pipeline, execution_date=20260121T145041, start_date=20260121T145041, end_date=20260121T145042
[2026-01-21T14:50:42.472+0000] {standard_task_runner.py:107} ERROR - Failed to execute job 4 for task run_etl_ml_pipeline ((psycopg2.OperationalError) connection to server at "postgres_prod" (172.20.0.4), port 5432 failed: FATAL:  password authentication failed for user "postgres"

(Background on this error at: https://sqlalche.me/e/14/e3q8); 331)
[2026-01-21T14:50:42.504+0000] {local_task_job_runner.py:234} INFO - Task exited with return code 1
[2026-01-21T14:50:42.520+0000] {taskinstance.py:3280} INFO - 0 downstream tasks scheduled from follow-on schedule check
