[2026-01-21T15:09:35.524+0000] {taskinstance.py:1956} INFO - Dependencies all met for dep_context=non-requeueable deps ti=<TaskInstance: financial_mlops_visualized_v4.2_transform_data manual__2026-01-21T15:09:32.454563+00:00 [queued]>
[2026-01-21T15:09:35.531+0000] {taskinstance.py:1956} INFO - Dependencies all met for dep_context=requeueable deps ti=<TaskInstance: financial_mlops_visualized_v4.2_transform_data manual__2026-01-21T15:09:32.454563+00:00 [queued]>
[2026-01-21T15:09:35.531+0000] {taskinstance.py:2170} INFO - Starting attempt 1 of 1
[2026-01-21T15:09:35.539+0000] {taskinstance.py:2191} INFO - Executing <Task(_PythonDecoratedOperator): 2_transform_data> on 2026-01-21 15:09:32.454563+00:00
[2026-01-21T15:09:35.546+0000] {standard_task_runner.py:60} INFO - Started process 365 to run task
[2026-01-21T15:09:35.548+0000] {standard_task_runner.py:87} INFO - Running: ['***', 'tasks', 'run', 'financial_mlops_visualized_v4', '2_transform_data', 'manual__2026-01-21T15:09:32.454563+00:00', '--job-id', '22', '--raw', '--subdir', 'DAGS_FOLDER/financial_dag.py', '--cfg-path', '/tmp/tmp1m8l_wqc']
[2026-01-21T15:09:35.550+0000] {standard_task_runner.py:88} INFO - Job 22: Subtask 2_transform_data
[2026-01-21T15:09:35.586+0000] {task_command.py:423} INFO - Running <TaskInstance: financial_mlops_visualized_v4.2_transform_data manual__2026-01-21T15:09:32.454563+00:00 [running]> on host 76d9395ba4e6
[2026-01-21T15:09:35.642+0000] {taskinstance.py:2698} ERROR - Task failed with exception
Traceback (most recent call last):
  File "/home/airflow/.local/lib/python3.8/site-packages/sqlalchemy/engine/base.py", line 1910, in _execute_context
    self.dialect.do_execute(
  File "/home/airflow/.local/lib/python3.8/site-packages/sqlalchemy/engine/default.py", line 736, in do_execute
    cursor.execute(statement, parameters)
psycopg2.errors.InvalidTextRepresentation: invalid input syntax for type json
LINE 1: ... 'manual__2026-01-21T15:09:32.454563+00:00',  -1, '{"templat...
                                                             ^
DETAIL:  Token "NaN" is invalid.
CONTEXT:  JSON data, line 1: ...ets Value": 159076.0, "Number of Dependents": NaN...


The above exception was the direct cause of the following exception:

Traceback (most recent call last):
  File "/home/airflow/.local/lib/python3.8/site-packages/airflow/models/taskinstance.py", line 2334, in _run_raw_task
    self._execute_task_with_callbacks(context, test_mode, session=session)
  File "/home/airflow/.local/lib/python3.8/site-packages/airflow/models/taskinstance.py", line 2469, in _execute_task_with_callbacks
    RenderedTaskInstanceFields.write(rtif)
  File "/home/airflow/.local/lib/python3.8/site-packages/airflow/utils/session.py", line 79, in wrapper
    return func(*args, session=session, **kwargs)
  File "/usr/local/lib/python3.8/contextlib.py", line 120, in __exit__
    next(self.gen)
  File "/home/airflow/.local/lib/python3.8/site-packages/airflow/utils/session.py", line 39, in create_session
    session.commit()
  File "/home/airflow/.local/lib/python3.8/site-packages/sqlalchemy/orm/session.py", line 1454, in commit
    self._transaction.commit(_to_root=self.future)
  File "/home/airflow/.local/lib/python3.8/site-packages/sqlalchemy/orm/session.py", line 832, in commit
    self._prepare_impl()
  File "/home/airflow/.local/lib/python3.8/site-packages/sqlalchemy/orm/session.py", line 811, in _prepare_impl
    self.session.flush()
  File "/home/airflow/.local/lib/python3.8/site-packages/sqlalchemy/orm/session.py", line 3449, in flush
    self._flush(objects)
  File "/home/airflow/.local/lib/python3.8/site-packages/sqlalchemy/orm/session.py", line 3589, in _flush
    transaction.rollback(_capture_exception=True)
  File "/home/airflow/.local/lib/python3.8/site-packages/sqlalchemy/util/langhelpers.py", line 70, in __exit__
    compat.raise_(
  File "/home/airflow/.local/lib/python3.8/site-packages/sqlalchemy/util/compat.py", line 211, in raise_
    raise exception
  File "/home/airflow/.local/lib/python3.8/site-packages/sqlalchemy/orm/session.py", line 3549, in _flush
    flush_context.execute()
  File "/home/airflow/.local/lib/python3.8/site-packages/sqlalchemy/orm/unitofwork.py", line 456, in execute
    rec.execute(self)
  File "/home/airflow/.local/lib/python3.8/site-packages/sqlalchemy/orm/unitofwork.py", line 630, in execute
    util.preloaded.orm_persistence.save_obj(
  File "/home/airflow/.local/lib/python3.8/site-packages/sqlalchemy/orm/persistence.py", line 245, in save_obj
    _emit_insert_statements(
  File "/home/airflow/.local/lib/python3.8/site-packages/sqlalchemy/orm/persistence.py", line 1097, in _emit_insert_statements
    c = connection._execute_20(
  File "/home/airflow/.local/lib/python3.8/site-packages/sqlalchemy/engine/base.py", line 1710, in _execute_20
    return meth(self, args_10style, kwargs_10style, execution_options)
  File "/home/airflow/.local/lib/python3.8/site-packages/sqlalchemy/sql/elements.py", line 334, in _execute_on_connection
    return connection._execute_clauseelement(
  File "/home/airflow/.local/lib/python3.8/site-packages/sqlalchemy/engine/base.py", line 1577, in _execute_clauseelement
    ret = self._execute_context(
  File "/home/airflow/.local/lib/python3.8/site-packages/sqlalchemy/engine/base.py", line 1953, in _execute_context
    self._handle_dbapi_exception(
  File "/home/airflow/.local/lib/python3.8/site-packages/sqlalchemy/engine/base.py", line 2134, in _handle_dbapi_exception
    util.raise_(
  File "/home/airflow/.local/lib/python3.8/site-packages/sqlalchemy/util/compat.py", line 211, in raise_
    raise exception
  File "/home/airflow/.local/lib/python3.8/site-packages/sqlalchemy/engine/base.py", line 1910, in _execute_context
    self.dialect.do_execute(
  File "/home/airflow/.local/lib/python3.8/site-packages/sqlalchemy/engine/default.py", line 736, in do_execute
    cursor.execute(statement, parameters)
sqlalchemy.exc.DataError: (psycopg2.errors.InvalidTextRepresentation) invalid input syntax for type json
LINE 1: ... 'manual__2026-01-21T15:09:32.454563+00:00',  -1, '{"templat...
                                                             ^
DETAIL:  Token "NaN" is invalid.
CONTEXT:  JSON data, line 1: ...ets Value": 159076.0, "Number of Dependents": NaN...

[SQL: INSERT INTO rendered_task_instance_fields (dag_id, task_id, run_id, map_index, rendered_fields, k8s_pod_yaml) VALUES (%(dag_id)s, %(task_id)s, %(run_id)s, %(map_index)s, %(rendered_fields)s, %(k8s_pod_yaml)s)]
[parameters: {'dag_id': 'financial_mlops_visualized_v4', 'task_id': '2_transform_data', 'run_id': 'manual__2026-01-21T15:09:32.454563+00:00', 'map_index': -1, 'rendered_fields': '{"templates_dict": null, "op_args": [[{"Age": 36, "Gender": "Female", "Education Level": "High School", "Marital Status": "Married", "Income": 65104. ... (50506 characters truncated) ... "Garrettton", "State": "MD", "Country": "Romania", "Previous Defaults": 3.0, "Marital Status Change": 0, "Risk Rating": "Medium"}]], "op_kwargs": {}}', 'k8s_pod_yaml': 'null'}]
(Background on this error at: https://sqlalche.me/e/14/9h9h)
[2026-01-21T15:09:35.652+0000] {taskinstance.py:1138} INFO - Marking task as FAILED. dag_id=financial_mlops_visualized_v4, task_id=2_transform_data, execution_date=20260121T150932, start_date=20260121T150935, end_date=20260121T150935
[2026-01-21T15:09:35.661+0000] {standard_task_runner.py:107} ERROR - Failed to execute job 22 for task 2_transform_data ((psycopg2.errors.InvalidTextRepresentation) invalid input syntax for type json
LINE 1: ... 'manual__2026-01-21T15:09:32.454563+00:00',  -1, '{"templat...
                                                             ^
DETAIL:  Token "NaN" is invalid.
CONTEXT:  JSON data, line 1: ...ets Value": 159076.0, "Number of Dependents": NaN...

[SQL: INSERT INTO rendered_task_instance_fields (dag_id, task_id, run_id, map_index, rendered_fields, k8s_pod_yaml) VALUES (%(dag_id)s, %(task_id)s, %(run_id)s, %(map_index)s, %(rendered_fields)s, %(k8s_pod_yaml)s)]
[parameters: {'dag_id': 'financial_mlops_visualized_v4', 'task_id': '2_transform_data', 'run_id': 'manual__2026-01-21T15:09:32.454563+00:00', 'map_index': -1, 'rendered_fields': '{"templates_dict": null, "op_args": [[{"Age": 36, "Gender": "Female", "Education Level": "High School", "Marital Status": "Married", "Income": 65104. ... (50506 characters truncated) ... "Garrettton", "State": "MD", "Country": "Romania", "Previous Defaults": 3.0, "Marital Status Change": 0, "Risk Rating": "Medium"}]], "op_kwargs": {}}', 'k8s_pod_yaml': 'null'}]
(Background on this error at: https://sqlalche.me/e/14/9h9h); 365)
[2026-01-21T15:09:35.680+0000] {local_task_job_runner.py:234} INFO - Task exited with return code 1
[2026-01-21T15:09:35.698+0000] {taskinstance.py:3280} INFO - 0 downstream tasks scheduled from follow-on schedule check
